{ = Inicio
== = OperadorRelacional
== = OperadorRelacional
= = Asignacion
! = OperadorLogico
& = Caracter
|| = OperadorLogico
|| = OperadorLogico
|| = OperadorLogico
> = OperadorRelacional
< = OperadorRelacional
>= = OperadorRelacional
<= = OperadorRelacional
== = OperadorRelacional
! = OperadorLogico
= = Asignacion
&& = OperadorLogico
! = OperadorLogico
! = OperadorLogico
12345 = Numero
= = Asignacion
++ = IncrementoTermino
-- = IncrementoTermino
+= = IncrementoTermino
-= = IncrementoTermino
+ = OperadorTermino
* = OperadorFactor
/ = OperadorFactor
% = OperadorFactor
- = OperadorTermino
++ = IncrementoTermino
+ = OperadorTermino
-- = IncrementoTermino
- = OperadorTermino
# = Caracter
*= = OperadorFactor
/= = OperadorFactor
%= = OperadorFactor
radioDeLaCircunferencia = Identificador
= = Asignacion
45 = Numero
; = FinSentencia
} = Fin
￿ = Caracter
